Determining if the pthread_create exist failed with the following output:
Change Dir: /home/yingjh/catkin_ws/src/vicon_bridge/build/CMakeFiles/CMakeTmp

Run Build Command:/usr/bin/make "cmTryCompileExec2348198195/fast"
/usr/bin/make -f CMakeFiles/cmTryCompileExec2348198195.dir/build.make CMakeFiles/cmTryCompileExec2348198195.dir/build
make[1]: 正在进入目录 `/home/yingjh/catkin_ws/src/vicon_bridge/build/CMakeFiles/CMakeTmp'
/usr/bin/cmake -E cmake_progress_report /home/yingjh/catkin_ws/src/vicon_bridge/build/CMakeFiles/CMakeTmp/CMakeFiles 1
Building C object CMakeFiles/cmTryCompileExec2348198195.dir/CheckSymbolExists.c.o
/usr/bin/gcc    -o CMakeFiles/cmTryCompileExec2348198195.dir/CheckSymbolExists.c.o   -c /home/yingjh/catkin_ws/src/vicon_bridge/build/CMakeFiles/CMakeTmp/CheckSymbolExists.c
Linking C executable cmTryCompileExec2348198195
/usr/bin/cmake -E cmake_link_script CMakeFiles/cmTryCompileExec2348198195.dir/link.txt --verbose=1
/usr/bin/gcc         CMakeFiles/cmTryCompileExec2348198195.dir/CheckSymbolExists.c.o  -o cmTryCompileExec2348198195 -rdynamic 
CMakeFiles/cmTryCompileExec2348198195.dir/CheckSymbolExists.c.o：在函数‘main’中：
CheckSymbolExists.c:(.text+0x16)：对‘pthread_create’未定义的引用
collect2: 错误： ld 返回 1
make[1]: *** [cmTryCompileExec2348198195] 错误 1
make[1]:正在离开目录 `/home/yingjh/catkin_ws/src/vicon_bridge/build/CMakeFiles/CMakeTmp'
make: *** [cmTryCompileExec2348198195/fast] 错误 2

File /home/yingjh/catkin_ws/src/vicon_bridge/build/CMakeFiles/CMakeTmp/CheckSymbolExists.c:
/* */
#include <pthread.h>

int main(int argc, char** argv)
{
  (void)argv;
#ifndef pthread_create
  return ((int*)(&pthread_create))[argc];
#else
  (void)argc;
  return 0;
#endif
}

Determining if the function pthread_create exists in the pthreads failed with the following output:
Change Dir: /home/yingjh/catkin_ws/src/vicon_bridge/build/CMakeFiles/CMakeTmp

Run Build Command:/usr/bin/make "cmTryCompileExec1200852409/fast"
/usr/bin/make -f CMakeFiles/cmTryCompileExec1200852409.dir/build.make CMakeFiles/cmTryCompileExec1200852409.dir/build
make[1]: 正在进入目录 `/home/yingjh/catkin_ws/src/vicon_bridge/build/CMakeFiles/CMakeTmp'
/usr/bin/cmake -E cmake_progress_report /home/yingjh/catkin_ws/src/vicon_bridge/build/CMakeFiles/CMakeTmp/CMakeFiles 1
Building C object CMakeFiles/cmTryCompileExec1200852409.dir/CheckFunctionExists.c.o
/usr/bin/gcc   -DCHECK_FUNCTION_EXISTS=pthread_create   -o CMakeFiles/cmTryCompileExec1200852409.dir/CheckFunctionExists.c.o   -c /usr/share/cmake-2.8/Modules/CheckFunctionExists.c
Linking C executable cmTryCompileExec1200852409
/usr/bin/cmake -E cmake_link_script CMakeFiles/cmTryCompileExec1200852409.dir/link.txt --verbose=1
/usr/bin/gcc     -DCHECK_FUNCTION_EXISTS=pthread_create    CMakeFiles/cmTryCompileExec1200852409.dir/CheckFunctionExists.c.o  -o cmTryCompileExec1200852409 -rdynamic -lpthreads 
/usr/bin/ld: cannot find -lpthreads
collect2: 错误： ld 返回 1
make[1]: *** [cmTryCompileExec1200852409] 错误 1
make[1]:正在离开目录 `/home/yingjh/catkin_ws/src/vicon_bridge/build/CMakeFiles/CMakeTmp'
make: *** [cmTryCompileExec1200852409/fast] 错误 2


